<?xml version="1.0" encoding="UTF-8"?>
<!-- Generated by org.testng.reporters.JUnitXMLReporter -->
<testsuite ignored="0" hostname="DESKTOP-015DLJU" failures="1" tests="3" name="Tests" time="14.179" errors="0" timestamp="2024-06-23T22:56:58 IST">
  <testcase classname="com.SwagLabs.TestCases.LoginPageTest" name="urlCheck" time="0.026"/>
  <testcase classname="com.SwagLabs.TestCases.LoginPageTest" name="titleCheck" time="0.016"/>
  <testcase classname="com.SwagLabs.TestCases.LoginPageTest" name="loginfnCheck" time="1.71">
    <failure type="org.openqa.selenium.NoSuchElementException" message="Unable to find element with locator By.id: user-name
For documentation on this error, please visit: https://www.selenium.dev/documentation/webdriver/troubleshooting/errors#no-such-element-exception
Build info: version: &amp;apos;4.22.0&amp;apos;, revision: &amp;apos;c5f3146703*&amp;apos;
System info: os.name: &amp;apos;Windows 10&amp;apos;, os.arch: &amp;apos;amd64&amp;apos;, os.version: &amp;apos;10.0&amp;apos;, java.version: &amp;apos;17.0.4.1&amp;apos;
Driver info: driver.version: RemoteWebDriver">
      <![CDATA[org.openqa.selenium.NoSuchElementException: Unable to find element with locator By.id: user-name
For documentation on this error, please visit: https://www.selenium.dev/documentation/webdriver/troubleshooting/errors#no-such-element-exception
Build info: version: '4.22.0', revision: 'c5f3146703*'
System info: os.name: 'Windows 10', os.arch: 'amd64', os.version: '10.0', java.version: '17.0.4.1'
Driver info: driver.version: RemoteWebDriver
at org.openqa.selenium.remote.ElementLocation$ElementFinder$2.findElement(ElementLocation.java:168)
at org.openqa.selenium.remote.ElementLocation.findElement(ElementLocation.java:59)
at org.openqa.selenium.remote.RemoteWebDriver.findElement(RemoteWebDriver.java:355)
at org.openqa.selenium.remote.RemoteWebDriver.findElement(RemoteWebDriver.java:349)
at com.SwagLabs.Pages.LoginPage.verifyLogin(LoginPage.java:41)
at com.SwagLabs.TestCases.LoginPageTest.loginfnCheck(LoginPageTest.java:20)
at java.base/java.util.ArrayList.forEach(ArrayList.java:1511)
... Removed 27 stack frames]]>
    </failure>
  </testcase> <!-- loginfnCheck -->
</testsuite> <!-- Tests -->
